<?xml version='1.0' encoding='UTF-8'?>
<testsuite tests="4" name="test.UsuarioTest" hostname="RenatoHP" failures="0" time="0.206" errors="0">
                     <properties>
[...]
</properties>
                     <testcase name="test.UsuarioTest.validarInsertarTest" time="0.0" classname="test.UsuarioTest">
                                                 
                                               </testcase><testcase name="test.UsuarioTest.validarTokenUsuarioTest" time="0.0" classname="test.UsuarioTest">
                                                 
                                               </testcase><testcase name="test.UsuarioTest.validarModificarUsuarioTest" time="0.0" classname="test.UsuarioTest">
                                                 
                                               </testcase><testcase name="test.UsuarioTest.validarEliminarUsuarioTest" time="0.0" classname="test.UsuarioTest">
                                                 
                                               </testcase>
                     <system-out></system-out>
                     <system-err></system-err>
                   </testsuite>